21-08-15__11_39_CC_F0260.jpg
21-08-15__11_44_CD_F0160.jpg
21-09-01__11_10_CA_F0160.jpg
21-08-11__17_17_CB_F0160.jpg
21-08-15__11_57_CC_F0160.jpg
21-08-15__11_43_CB_F0160.jpg
21-08-11__17_17_CA_F0160.jpg
21-09-01__11_08_CA_F0160.jpg
21-08-15__09_53_CA_F0260.jpg
21-08-10__12_38_CA_F0160.jpg
21-09-01__11_09_CB_F0260.jpg
21-08-15__11_38_CA_F0260.jpg
21-08-15__11_36_CA_F0140.jpg
21-08-11__17_01_CB_F0260.jpg
21-08-15__09_53_CB_F0160.jpg
21-09-01__11_10_CA_F0260.jpg
21-08-15__09_51_CC_F0160.jpg
21-08-15__11_36_CA_F0240.jpg
21-08-15__09_51_CB_F0260.jpg
21-08-15__09_51_CD_F0160.jpg
21-08-15__11_56_CA_F0160.jpg
21-08-10__12_38_CA_F0260.jpg
21-08-10__12_40_CD_F0160.jpg
21-08-10__12_39_CB_F0160.jpg
21-08-15__09_49_CA_F0160.jpg
21-08-15__11_39_CD_F0260.jpg
21-08-15__11_43_CA_F0160.jpg
21-08-15__09_54_CD_F0160.jpg
21-08-15__11_38_CA_F0160.jpg
21-08-15__09_51_CC_F0260.jpg
21-08-15__09_49_CB_F0160.jpg
21-08-15__11_38_CB_F0160.jpg
21-08-15__11_44_CC_F0160.jpg
21-08-15__09_54_CD_F0260.jpg
21-08-15__11_37_CC_F0140.jpg
21-08-15__11_37_CD_F0140.jpg~
21-09-01__11_11_CB_F0160.jpg
21-08-15__09_53_CC_F0160.jpg
21-08-15__11_37_CC_F0240.jpg
21-08-15__11_39_CC_F0160.jpg
